0 info it worked if it ends with ok
1 verbose cli [ '/usr/local/bin/node', '/usr/local/bin/npm', 'publish' ]
2 info using npm@2.5.1
3 info using node@v0.12.0
4 verbose node symlink /usr/local/bin/node
5 verbose publish [ '.' ]
6 verbose stack Error: No version provided
6 verbose stack     at /usr/local/lib/node_modules/npm/lib/publish.js:44:36
6 verbose stack     at /usr/local/lib/node_modules/npm/node_modules/read-package-json/read-json.js:51:40
6 verbose stack     at final (/usr/local/lib/node_modules/npm/node_modules/read-package-json/read-json.js:349:17)
6 verbose stack     at then (/usr/local/lib/node_modules/npm/node_modules/read-package-json/read-json.js:126:33)
6 verbose stack     at /usr/local/lib/node_modules/npm/node_modules/read-package-json/read-json.js:331:40
6 verbose stack     at evalmachine.<anonymous>:336:14
6 verbose stack     at /usr/local/lib/node_modules/npm/node_modules/graceful-fs/graceful-fs.js:102:5
6 verbose stack     at FSReqWrap.oncomplete (evalmachine.<anonymous>:99:15)
7 verbose cwd /Users/ddigges/git/whatsup/app
8 error Darwin 14.1.0
9 error argv "/usr/local/bin/node" "/usr/local/bin/npm" "publish"
10 error node v0.12.0
11 error npm  v2.5.1
12 error No version provided
13 error If you need help, you may report this error at:
13 error     <http://github.com/npm/npm/issues>
14 verbose exit [ 1, true ]
